<?xml version="1.0" encoding="UTF-8"?>
<!-- Generated by org.testng.reporters.JUnitXMLReporter -->
<testsuite hostname="Ravi" name="SearchCar Test" tests="1" failures="0" timestamp="19 Jun 2021 04:38:45 GMT" time="0.225" errors="0">
  <testcase name="@BeforeClass setUpClass" time="0.0" classname="runner.RunCuke">
    <failure type="cucumber.runtime.CucumberException" message="Unknown option: --tag">
      <![CDATA[cucumber.runtime.CucumberException: Unknown option: --tag
	at cucumber.runtime.RuntimeOptions.parse(RuntimeOptions.java:148)
	at cucumber.runtime.RuntimeOptions.<init>(RuntimeOptions.java:89)
	at cucumber.runtime.RuntimeOptions.<init>(RuntimeOptions.java:78)
	at cucumber.runtime.RuntimeOptions.<init>(RuntimeOptions.java:70)
	at cucumber.runtime.RuntimeOptionsFactory.create(RuntimeOptionsFactory.java:25)
	at cucumber.api.testng.TestNGCucumberRunner.<init>(TestNGCucumberRunner.java:37)
	at cucumber.api.testng.AbstractTestNGCucumberTests.setUpClass(AbstractTestNGCucumberTests.java:16)
... Removed 27 stack frames]]>
    </failure>
  </testcase> <!-- @BeforeClass setUpClass -->
  <testcase name="@BeforeClass setup" time="0.0" classname="runner.RunCuke">
    <skipped/>
  </testcase> <!-- @BeforeClass setup -->
  <testcase name="@AfterClass tearDownClass" time="0.0" classname="runner.RunCuke">
    <failure type="java.lang.NullPointerException">
      <![CDATA[java.lang.NullPointerException
	at cucumber.api.testng.AbstractTestNGCucumberTests.tearDownClass(AbstractTestNGCucumberTests.java:34)
... Removed 27 stack frames]]>
    </failure>
  </testcase> <!-- @AfterClass tearDownClass -->
  <testcase name="feature" time="0.0" classname="runner.RunCuke">
    <skipped/>
  </testcase> <!-- feature -->
</testsuite> <!-- SearchCar Test -->
